Configuration on demand is an incubating feature.
> Task :analytics-local:preBuild UP-TO-DATE
> Task :analytics-local:preDebugBuild UP-TO-DATE
> Task :analytics-local:generateDebugResValues UP-TO-DATE
> Task :analytics-local:generateDebugResources UP-TO-DATE
> Task :core-architecture:checkKotlinGradlePluginConfigurationErrors
> Task :core-architecture:preBuild UP-TO-DATE
> Task :core-architecture:preDebugBuild UP-TO-DATE
> Task :app:checkKotlinGradlePluginConfigurationErrors
> Task :app:preBuild UP-TO-DATE
> Task :app:preDebugBuild UP-TO-DATE
> Task :core-architecture:generateDebugResValues UP-TO-DATE
> Task :core-architecture:generateDebugResources UP-TO-DATE
> Task :export-engine:preBuild UP-TO-DATE
> Task :export-engine:preDebugBuild UP-TO-DATE
> Task :export-engine:generateDebugResValues UP-TO-DATE
> Task :export-engine:generateDebugResources UP-TO-DATE
> Task :core-architecture:packageDebugResources UP-TO-DATE
> Task :analytics-local:packageDebugResources UP-TO-DATE
> Task :analytics-local:parseDebugLocalResources UP-TO-DATE
> Task :core-architecture:parseDebugLocalResources UP-TO-DATE
> Task :core-architecture:processDebugManifest UP-TO-DATE
> Task :analytics-local:processDebugManifest UP-TO-DATE
> Task :analytics-local:generateDebugRFile UP-TO-DATE
> Task :core-architecture:generateDebugRFile UP-TO-DATE
> Task :analytics-local:checkKotlinGradlePluginConfigurationErrors
> Task :export-engine:packageDebugResources UP-TO-DATE
> Task :widget-module:preBuild UP-TO-DATE
> Task :widget-module:preDebugBuild UP-TO-DATE
> Task :widget-module:generateDebugResValues UP-TO-DATE
> Task :widget-module:generateDebugResources UP-TO-DATE
> Task :analytics-local:javaPreCompileDebug UP-TO-DATE
> Task :app:dataBindingMergeDependencyArtifactsDebug UP-TO-DATE
> Task :app:generateDebugResValues UP-TO-DATE
> Task :app:generateDebugResources UP-TO-DATE
> Task :widget-module:packageDebugResources UP-TO-DATE
> Task :widget-module:parseDebugLocalResources UP-TO-DATE
> Task :widget-module:processDebugManifest UP-TO-DATE
> Task :app:packageDebugResources UP-TO-DATE
> Task :widget-module:generateDebugRFile UP-TO-DATE
> Task :analytics-local:compileDebugLibraryResources UP-TO-DATE
> Task :analytics-local:writeDebugAarMetadata UP-TO-DATE
> Task :widget-module:writeDebugAarMetadata UP-TO-DATE
> Task :analytics-local:extractDeepLinksDebug UP-TO-DATE
> Task :widget-module:extractDeepLinksDebug UP-TO-DATE
> Task :export-engine:dataBindingMergeDependencyArtifactsDebug UP-TO-DATE
> Task :export-engine:parseDebugLocalResources UP-TO-DATE
> Task :widget-module:compileDebugLibraryResources UP-TO-DATE
> Task :widget-module:checkKotlinGradlePluginConfigurationErrors
> Task :widget-module:javaPreCompileDebug UP-TO-DATE
> Task :export-engine:dataBindingGenBaseClassesDebug UP-TO-DATE
> Task :export-engine:processDebugManifest UP-TO-DATE
> Task :export-engine:generateDebugRFile UP-TO-DATE
> Task :export-engine:writeDebugAarMetadata UP-TO-DATE
> Task :export-engine:extractDeepLinksDebug UP-TO-DATE
> Task :export-engine:compileDebugLibraryResources UP-TO-DATE
> Task :export-engine:checkKotlinGradlePluginConfigurationErrors
> Task :core-architecture:kaptGenerateStubsDebugKotlin UP-TO-DATE
> Task :core-architecture:kaptDebugKotlin UP-TO-DATE
> Task :core-architecture:compileDebugKotlin UP-TO-DATE
> Task :core-architecture:javaPreCompileDebug UP-TO-DATE
> Task :app:mergeDebugResources UP-TO-DATE
> Task :app:parseDebugLocalResources UP-TO-DATE
> Task :app:dataBindingGenBaseClassesDebug UP-TO-DATE
> Task :app:mapDebugSourceSetPaths UP-TO-DATE
> Task :app:createDebugCompatibleScreenManifests UP-TO-DATE
> Task :app:extractDeepLinksDebug UP-TO-DATE
> Task :app:javaPreCompileDebug UP-TO-DATE
> Task :core-architecture:compileDebugJavaWithJavac UP-TO-DATE
> Task :core-architecture:bundleLibCompileToJarDebug UP-TO-DATE
> Task :core-architecture:bundleLibRuntimeToJarDebug UP-TO-DATE
> Task :core-architecture:writeDebugAarMetadata UP-TO-DATE
> Task :app:checkDebugAarMetadata UP-TO-DATE
> Task :export-engine:kaptGenerateStubsDebugKotlin UP-TO-DATE
> Task :widget-module:compileDebugKotlin UP-TO-DATE
> Task :widget-module:compileDebugJavaWithJavac NO-SOURCE
> Task :widget-module:bundleLibCompileToJarDebug UP-TO-DATE
> Task :core-architecture:extractDeepLinksDebug UP-TO-DATE
> Task :widget-module:bundleLibRuntimeToJarDebug UP-TO-DATE
> Task :core-architecture:compileDebugLibraryResources UP-TO-DATE
> Task :app:processDebugMainManifest UP-TO-DATE
> Task :app:processDebugManifest UP-TO-DATE
> Task :export-engine:kaptDebugKotlin UP-TO-DATE
> Task :app:processDebugManifestForPackage UP-TO-DATE
> Task :analytics-local:kaptGenerateStubsDebugKotlin UP-TO-DATE
> Task :app:processDebugResources UP-TO-DATE
> Task :export-engine:compileDebugKotlin UP-TO-DATE
> Task :export-engine:javaPreCompileDebug UP-TO-DATE
> Task :export-engine:compileDebugJavaWithJavac UP-TO-DATE
> Task :export-engine:transformDebugClassesWithAsm UP-TO-DATE
> Task :export-engine:bundleLibCompileToJarDebug UP-TO-DATE
> Task :export-engine:bundleLibRuntimeToJarDebug UP-TO-DATE
> Task :analytics-local:kaptDebugKotlin UP-TO-DATE
> Task :analytics-local:compileDebugKotlin UP-TO-DATE
> Task :analytics-local:compileDebugJavaWithJavac UP-TO-DATE
> Task :analytics-local:transformDebugClassesWithAsm UP-TO-DATE
> Task :analytics-local:bundleLibCompileToJarDebug UP-TO-DATE
> Task :analytics-local:bundleLibRuntimeToJarDebug UP-TO-DATE
> Task :app:kaptGenerateStubsDebugKotlin UP-TO-DATE
> Task :app:kaptDebugKotlin UP-TO-DATE
> Task :app:compileDebugKotlin UP-TO-DATE
> Task :app:compileDebugJavaWithJavac UP-TO-DATE
> Task :app:hiltAggregateDepsDebug UP-TO-DATE
> Task :app:hiltJavaCompileDebug UP-TO-DATE
> Task :app:bundleDebugClassesToCompileJar UP-TO-DATE
> Task :app:kaptGenerateStubsDebugUnitTestKotlin UP-TO-DATE
> Task :app:kaptDebugUnitTestKotlin UP-TO-DATE

> Task :app:compileDebugUnitTestKotlin FAILED
e: file:///C:/Users/HP/Desktop/Personal%20Websites/Offline_Habit_Tracker/app/src/unitTest/java/com/habittracker/timing/TimerRestorationLogicTest.kt:3:6 Unresolved reference: Test
e: file:///C:/Users/HP/Desktop/Personal%20Websites/Offline_Habit_Tracker/app/src/unitTest/java/com/habittracker/timing/TimerRestorationLogicTest.kt:13:26 Unresolved reference: Duration
e: file:///C:/Users/HP/Desktop/Personal%20Websites/Offline_Habit_Tracker/app/src/unitTest/java/com/habittracker/timing/TimerRestorationLogicTest.kt:16:39 Unresolved reference: Duration
e: file:///C:/Users/HP/Desktop/Personal%20Websites/Offline_Habit_Tracker/app/src/unitTest/java/com/habittracker/timing/TimerRestorationLogicTest.kt:20:42 Overload resolution ambiguity: 
public final operator fun plus(other: Byte): Long defined in kotlin.Long
public final operator fun plus(other: Double): Double defined in kotlin.Long
public final operator fun plus(other: Float): Float defined in kotlin.Long
public final operator fun plus(other: Int): Long defined in kotlin.Long
public final operator fun plus(other: Long): Long defined in kotlin.Long
public final operator fun plus(other: Short): Long defined in kotlin.Long
e: file:///C:/Users/HP/Desktop/Personal%20Websites/Offline_Habit_Tracker/app/src/unitTest/java/com/habittracker/timing/TimerRestorationLogicTest.kt:25:9 Unresolved reference: assertEquals
e: file:///C:/Users/HP/Desktop/Personal%20Websites/Offline_Habit_Tracker/app/src/unitTest/java/com/habittracker/timing/TimerRestorationLogicTest.kt:31:9 Unresolved reference: assertEquals
e: file:///C:/Users/HP/Desktop/Personal%20Websites/Offline_Habit_Tracker/app/src/unitTest/java/com/habittracker/timing/TimerRestorationLogicTest.kt:32:13 Unresolved reference: Duration

FAILURE: Build failed with an exception.

* What went wrong:
Execution failed for task ':app:compileDebugUnitTestKotlin'.
> A failure occurred while executing org.jetbrains.kotlin.compilerRunner.GradleCompilerRunnerWithWorkers$GradleKotlinCompilerWorkAction
   > Compilation error. See log for more details

* Try:
> Run with --stacktrace option to get the stack trace.
> Run with --info or --debug option to get more log output.
> Run with --scan to get full insights.
> Get more help at https://help.gradle.org.

Deprecated Gradle features were used in this build, making it incompatible with Gradle 9.0.

You can use '--warning-mode all' to show the individual deprecation warnings and determine if they come from your own scripts or plugins.

For more on this, please refer to https://docs.gradle.org/8.9/userguide/command_line_interface.html#sec:command_line_warnings in the Gradle documentation.

BUILD FAILED in 23s
91 actionable tasks: 6 executed, 85 up-to-date
